<?xml version="1.0" encoding="UTF-8"?>
<testsuite xmlns:xsi="http://www.w3.org/2001/XMLSchema-instance" xsi:noNamespaceSchemaLocation="https://maven.apache.org/surefire/maven-failsafe-plugin/xsd/failsafe-test-report-3.0.xsd" version="3.0" name="TestRunnerIT" time="35.3" tests="5" errors="0" skipped="0" failures="0">
  <properties>
[...]
</properties>
  <testcase name="Invalid User" classname="Login feature" time="6.521">
    <system-err><![CDATA[SLF4J: Failed to load class "org.slf4j.impl.StaticLoggerBinder".
SLF4J: Defaulting to no-operation (NOP) logger implementation
SLF4J: See http://www.slf4j.org/codes.html#StaticLoggerBinder for further details.
]]></system-err>
  </testcase>
  <testcase name="UserName is Missing" classname="Login feature" time="5.235"/>
  <testcase name="Password is Missing" classname="Login feature" time="5.604"/>
  <testcase name="User Log in Successfully" classname="Login feature" time="9.885"/>
  <testcase name="User add items to cart" classname="Purchase items from the site" time="7.977">
    <system-out><![CDATA[
79.98
49.99
49.99
29.99
79.98
]]></system-out>
  </testcase>
</testsuite>